<?xml version="1.0" encoding="UTF-8"?>
<testng-results skipped="0" failed="0" ignored="0" total="1" passed="1">
  <reporter-output>
  </reporter-output>
  <suite name="Command line suite" duration-ms="8371" started-at="2022-03-28T03:13:53Z" finished-at="2022-03-28T03:14:02Z">
    <groups>
    </groups>
    <test name="Command line test" duration-ms="8371" started-at="2022-03-28T03:13:53Z" finished-at="2022-03-28T03:14:02Z">
      <class name="test.SeleniumTest">
        <test-method status="PASS" signature="setup()[pri:0, instance:test.SeleniumTest@617c74e5]" name="setup" is-config="true" duration-ms="6659" started-at="2022-03-28T03:13:53Z" finished-at="2022-03-28T03:14:00Z">
          <reporter-output>
          </reporter-output>
        </test-method> <!-- setup -->
        <test-method status="PASS" signature="test()[pri:0, instance:test.SeleniumTest@617c74e5]" name="test" duration-ms="1611" started-at="2022-03-28T03:14:00Z" finished-at="2022-03-28T03:14:02Z">
          <reporter-output>
          </reporter-output>
        </test-method> <!-- test -->
        <test-method status="PASS" signature="close()[pri:0, instance:test.SeleniumTest@617c74e5]" name="close" is-config="true" duration-ms="1" started-at="2022-03-28T03:14:02Z" finished-at="2022-03-28T03:14:02Z">
          <reporter-output>
          </reporter-output>
        </test-method> <!-- close -->
      </class> <!-- test.SeleniumTest -->
    </test> <!-- Command line test -->
  </suite> <!-- Command line suite -->
</testng-results>
